N E X T F L O W  ~  version 23.04.1
Launching `Mitochondrial_construction.nf` [golden_mcclintock] DSL2 - revision: b3527f8f65

=============================================
SWISS-TPH WHOLE-GENOME-PIPELINE: CAN'T RESIST
=============================================

reads directory: 	/scicore/home/schpie00/GROUP/20230601_Raw_sequencing_Trichuris_whole_genome/2023*/GFB-*TRI*_R{1,2}_001.fastq.gz


[-        ] process > getorganelle                  -
[-        ] process > reverse_complement_mito_fasta -
[-        ] process > mitoz_assembly                -
[-        ] process > adjust_mito_fasta             -
[-        ] process > mitoz_assembly_adjusted       -

[-        ] process > getorganelle                  -
[-        ] process > reverse_complement_mito_fasta -
[-        ] process > mitoz_assembly                -
[-        ] process > adjust_mito_fasta             -
[-        ] process > mitoz_assembly_adjusted       -
[-        ] process > mitoz_visualisation           -
[-        ] process > mafft_new_sequences           -
[-        ] process > extract_cds_mito_fasta        -
[-        ] process > mitoz_assembly_cds            -
[-        ] process > mito_ref_prep                 -
[-        ] process > adjust_mito_ref_fasta         -
[-        ] process > mitoz_ref_assembly_adjusted   -
[-        ] process > extract_cds_ref_mito_fasta    -

[13/545c17] process > getorganelle (4)               [100%] 8 of 8, cached: 8
[-        ] process > reverse_complement_mito_fasta  -
[-        ] process > mitoz_assembly                 -
[-        ] process > adjust_mito_fasta              -
[-        ] process > mitoz_assembly_adjusted        -
[-        ] process > mitoz_visualisation            -
[-        ] process > mafft_new_sequences            -
[-        ] process > extract_cds_mito_fasta         -
[-        ] process > mitoz_assembly_cds             -
[a6/d5156d] process > mito_ref_prep (14)             [100%] 14 of 14, cached: 14
[13/4ae401] process > adjust_mito_ref_fasta (6)      [100%] 10 of 10, cached: 10
[c2/eef6d7] process > mitoz_ref_assembly_adjusted... [100%] 1 of 1, cached: 1
[-        ] process > extract_cds_ref_mito_fasta     -

[18/c31e27] process > getorganelle (16)              [100%] 14 of 14, cached: 14
[dc/0a6adf] process > reverse_complement_mito_fas... [100%] 5 of 5, cached: 5
[6e/14a18c] process > mitoz_assembly (1)             [100%] 2 of 2, cached: 2
[-        ] process > adjust_mito_fasta              -
[-        ] process > mitoz_assembly_adjusted        -
[-        ] process > mitoz_visualisation            -
[-        ] process > mafft_new_sequences            -
[-        ] process > extract_cds_mito_fasta         -
[-        ] process > mitoz_assembly_cds             -
[e1/e16241] process > mito_ref_prep (11)             [100%] 15 of 15, cached:...
[31/ef0233] process > adjust_mito_ref_fasta (12)     [100%] 15 of 15, cached:...
[a0/e46c70] process > mitoz_ref_assembly_adjusted... [100%] 15 of 15, cached:...
[4e/6c8594] process > extract_cds_ref_mito_fasta ... [100%] 15 of 15, cached:...

[42/bfc9a6] process > getorganelle (43)              [100%] 48 of 48, cached: 48
[bf/455516] process > reverse_complement_mito_fas... [100%] 31 of 31, cached: 31
[07/0ae41a] process > mitoz_assembly (25)            [100%] 23 of 23, cached: 23
[b2/1b34b5] process > adjust_mito_fasta (16)         [100%] 16 of 16, cached: 16
[e7/42ac95] process > mitoz_assembly_adjusted (11)   [100%] 14 of 14, cached: 14
[61/fddcde] process > mitoz_visualisation (11)       [100%] 9 of 9, cached: 9
[-        ] process > mafft_new_sequences            -
[88/a67a55] process > extract_cds_mito_fasta (4)     [100%] 4 of 4, cached: 4
[4e/94c808] process > mitoz_assembly_cds (3)         [100%] 2 of 2, cached: 2
[e1/e16241] process > mito_ref_prep (11)             [100%] 15 of 15, cached:...
[31/ef0233] process > adjust_mito_ref_fasta (12)     [100%] 15 of 15, cached:...
[a0/e46c70] process > mitoz_ref_assembly_adjusted... [100%] 15 of 15, cached:...
[4e/6c8594] process > extract_cds_ref_mito_fasta ... [100%] 15 of 15, cached:...

[36/2d2dd0] process > getorganelle (60)              [100%] 63 of 63, cached: 63
[96/e70523] process > reverse_complement_mito_fas... [100%] 43 of 43, cached: 43
[ed/ac3490] process > mitoz_assembly (40)            [100%] 40 of 40, cached: 40
[95/124b2a] process > adjust_mito_fasta (28)         [100%] 29 of 29, cached: 29
[4e/5a4a5d] process > mitoz_assembly_adjusted (17)   [100%] 17 of 17, cached: 17
[34/1bb6af] process > mitoz_visualisation (17)       [100%] 17 of 17, cached: 17
[-        ] process > mafft_new_sequences            -
[e6/902ec6] process > extract_cds_mito_fasta (17)    [100%] 16 of 16, cached: 16
[60/3616b8] process > mitoz_assembly_cds (7)         [100%] 12 of 12, cached: 12
[e1/e16241] process > mito_ref_prep (11)             [100%] 15 of 15, cached:...
[31/ef0233] process > adjust_mito_ref_fasta (12)     [100%] 15 of 15, cached:...
[a0/e46c70] process > mitoz_ref_assembly_adjusted... [100%] 15 of 15, cached:...
[4e/6c8594] process > extract_cds_ref_mito_fasta ... [100%] 15 of 15, cached:...

[4d/a47f8b] process > getorganelle (83)              [100%] 98 of 98, cached: 98
[ae/fbb683] process > reverse_complement_mito_fas... [100%] 70 of 70, cached: 70
[c6/9976b7] process > mitoz_assembly (69)            [100%] 67 of 67, cached: 67
[2d/9de8ce] process > adjust_mito_fasta (62)         [100%] 63 of 63, cached: 63
[a8/0f906d] process > mitoz_assembly_adjusted (49)   [100%] 51 of 51, cached: 51
[c1/cc55c7] process > mitoz_visualisation (41)       [100%] 42 of 42, cached: 42
[-        ] process > mafft_new_sequences            -
[94/48118c] process > extract_cds_mito_fasta (39)    [100%] 34 of 34, cached: 34
[61/637f17] process > mitoz_assembly_cds (31)        [100%] 28 of 28, cached: 28
[e1/e16241] process > mito_ref_prep (11)             [100%] 15 of 15, cached:...
[31/ef0233] process > adjust_mito_ref_fasta (12)     [100%] 15 of 15, cached:...
[a0/e46c70] process > mitoz_ref_assembly_adjusted... [100%] 15 of 15, cached:...
[4e/6c8594] process > extract_cds_ref_mito_fasta ... [100%] 15 of 15, cached:...

[de/2cc71c] process > getorganelle (168)             [100%] 162 of 162, cache...
[37/506d6b] process > reverse_complement_mito_fas... [100%] 120 of 120, cache...
[40/a4075c] process > mitoz_assembly (103)           [100%] 107 of 107, cache...
[08/b0d5f8] process > adjust_mito_fasta (100)        [100%] 101 of 101, cache...
[0e/790e96] process > mitoz_assembly_adjusted (96)   [100%] 96 of 96, cached: 96
[fe/0aa97f] process > mitoz_visualisation (89)       [100%] 89 of 89, cached: 89
[-        ] process > mafft_new_sequences            -
[61/159e33] process > extract_cds_mito_fasta (81)    [100%] 81 of 81, cached: 81
[21/d3adca] process > mitoz_assembly_cds (78)        [100%] 75 of 75, cached: 75
[e1/e16241] process > mito_ref_prep (11)             [100%] 15 of 15, cached:...
[31/ef0233] process > adjust_mito_ref_fasta (12)     [100%] 15 of 15, cached:...
[a0/e46c70] process > mitoz_ref_assembly_adjusted... [100%] 15 of 15, cached:...
[4e/6c8594] process > extract_cds_ref_mito_fasta ... [100%] 15 of 15, cached:...

[fa/528639] process > getorganelle (223)             [100%] 225 of 225, cache...
[56/3e922b] process > reverse_complement_mito_fas... [100%] 162 of 162, cache...
[1b/d5a1ce] process > mitoz_assembly (160)           [100%] 158 of 158, cache...
[ae/805835] process > adjust_mito_fasta (152)        [100%] 151 of 151, cache...
[94/2b198f] process > mitoz_assembly_adjusted (147)  [100%] 146 of 146, cache...
[b6/3ab3c7] process > mitoz_visualisation (135)      [100%] 133 of 133, cache...
[-        ] process > mafft_new_sequences            -
[1c/0a66a7] process > extract_cds_mito_fasta (121)   [100%] 127 of 127, cache...
[cd/b9aa72] process > mitoz_assembly_cds (119)       [100%] 120 of 120, cache...
[e1/e16241] process > mito_ref_prep (11)             [100%] 15 of 15, cached:...
[31/ef0233] process > adjust_mito_ref_fasta (12)     [100%] 15 of 15, cached:...
[a0/e46c70] process > mitoz_ref_assembly_adjusted... [100%] 15 of 15, cached:...
[4e/6c8594] process > extract_cds_ref_mito_fasta ... [100%] 15 of 15, cached:...

[8f/8f3dd9] process > getorganelle (282)             [100%] 280 of 280, cache...
[55/f6e5b1] process > reverse_complement_mito_fas... [100%] 210 of 210, cache...
[13/6a24d2] process > mitoz_assembly (197)           [100%] 205 of 205, cache...
[e1/fe2aee] process > adjust_mito_fasta (197)        [100%] 198 of 198, cache...
[7d/5821e8] process > mitoz_assembly_adjusted (185)  [100%] 190 of 190, cache...
[5b/4193cb] process > mitoz_visualisation (177)      [100%] 179 of 179, cache...
[-        ] process > mafft_new_sequences            -
[bd/57e0c0] process > extract_cds_mito_fasta (174)   [100%] 173 of 173, cache...
[61/32b4b1] process > mitoz_assembly_cds (171)       [100%] 171 of 171, cache...
[e1/e16241] process > mito_ref_prep (11)             [100%] 15 of 15, cached:...
[31/ef0233] process > adjust_mito_ref_fasta (12)     [100%] 15 of 15, cached:...
[a0/e46c70] process > mitoz_ref_assembly_adjusted... [100%] 15 of 15, cached:...
[4e/6c8594] process > extract_cds_ref_mito_fasta ... [100%] 15 of 15, cached:...

[76/6a6537] process > getorganelle (325)             [100%] 323 of 323, cache...
[33/baad21] process > reverse_complement_mito_fas... [100%] 250 of 250, cache...
[ad/0a1c5c] process > mitoz_assembly (248)           [100%] 248 of 248, cache...
[e7/73f7f3] process > adjust_mito_fasta (247)        [100%] 247 of 247, cache...
[2c/106e9d] process > mitoz_assembly_adjusted (247)  [100%] 247 of 247, cache...
[c8/9d2d75] process > mitoz_visualisation (246)      [100%] 246 of 246, cache...
[-        ] process > mafft_new_sequences            -
[d0/df94d5] process > extract_cds_mito_fasta (243)   [100%] 243 of 243, cache...
[20/c0100e] process > mitoz_assembly_cds (239)       [100%] 241 of 241, cache...
[e1/e16241] process > mito_ref_prep (11)             [100%] 15 of 15, cached:...
[31/ef0233] process > adjust_mito_ref_fasta (12)     [100%] 15 of 15, cached:...
[a0/e46c70] process > mitoz_ref_assembly_adjusted... [100%] 15 of 15, cached:...
[4e/6c8594] process > extract_cds_ref_mito_fasta ... [100%] 15 of 15, cached:...

[eb/1e0cdf] process > getorganelle (388)             [100%] 386 of 386, cache...
[fa/1b8337] process > reverse_complement_mito_fas... [100%] 302 of 302, cache...
[5c/d7f8ab] process > mitoz_assembly (300)           [100%] 299 of 299, cache...
[fa/4fc1de] process > adjust_mito_fasta (296)        [100%] 296 of 296, cache...
[ed/46258a] process > mitoz_assembly_adjusted (294)  [100%] 294 of 294, cache...
[28/643452] process > mitoz_visualisation (292)      [100%] 292 of 292, cache...
[-        ] process > mafft_new_sequences            -
[f7/c87cbc] process > extract_cds_mito_fasta (292)   [100%] 292 of 292, cache...
[2e/339f36] process > mitoz_assembly_cds (289)       [100%] 290 of 290, cache...
[e1/e16241] process > mito_ref_prep (11)             [100%] 15 of 15, cached:...
[31/ef0233] process > adjust_mito_ref_fasta (12)     [100%] 15 of 15, cached:...
[a0/e46c70] process > mitoz_ref_assembly_adjusted... [100%] 15 of 15, cached:...
[4e/6c8594] process > extract_cds_ref_mito_fasta ... [100%] 15 of 15, cached:...

[c9/2f012c] process > getorganelle (452)             [100%] 451 of 451, cache...
[c6/600d57] process > reverse_complement_mito_fas... [100%] 348 of 348, cache...
[45/c004b9] process > mitoz_assembly (347)           [100%] 347 of 347, cache...
[36/5af1d7] process > adjust_mito_fasta (345)        [100%] 346 of 346, cache...
[df/36f0be] process > mitoz_assembly_adjusted (343)  [100%] 343 of 343, cache...
[1d/8b7ba3] process > mitoz_visualisation (340)      [100%] 341 of 341, cache...
[-        ] process > mafft_new_sequences            -
[95/e110e8] process > extract_cds_mito_fasta (339)   [100%] 339 of 339, cache...
[17/adc6e9] process > mitoz_assembly_cds (338)       [100%] 339 of 339, cache...
[e1/e16241] process > mito_ref_prep (11)             [100%] 15 of 15, cached:...
[31/ef0233] process > adjust_mito_ref_fasta (12)     [100%] 15 of 15, cached:...
[a0/e46c70] process > mitoz_ref_assembly_adjusted... [100%] 15 of 15, cached:...
[4e/6c8594] process > extract_cds_ref_mito_fasta ... [100%] 15 of 15, cached:...

[9a/f08c7f] process > getorganelle (515)             [100%] 515 of 515, cache...
[13/8e5f7a] process > reverse_complement_mito_fas... [100%] 392 of 392, cache...
[ac/370617] process > mitoz_assembly (390)           [100%] 390 of 390, cache...
[2b/3756c9] process > adjust_mito_fasta (386)        [100%] 384 of 384, cache...
[20/fcc071] process > mitoz_assembly_adjusted (381)  [100%] 379 of 379, cache...
[d0/33c61d] process > mitoz_visualisation (373)      [100%] 371 of 371, cache...
[-        ] process > mafft_new_sequences            -
[30/07bb7d] process > extract_cds_mito_fasta (370)   [100%] 369 of 369, cache...
[6e/d7b30f] process > mitoz_assembly_cds (362)       [100%] 362 of 362, cache...
[e1/e16241] process > mito_ref_prep (11)             [100%] 15 of 15, cached:...
[31/ef0233] process > adjust_mito_ref_fasta (12)     [100%] 15 of 15, cached:...
[a0/e46c70] process > mitoz_ref_assembly_adjusted... [100%] 15 of 15, cached:...
[4e/6c8594] process > extract_cds_ref_mito_fasta ... [100%] 15 of 15, cached:...

[ab/7ab370] process > getorganelle (567)             [100%] 568 of 568, cache...
[3e/0c054e] process > reverse_complement_mito_fas... [100%] 434 of 434, cache...
[a9/761acf] process > mitoz_assembly (433)           [100%] 433 of 433, cache...
[62/bcc032] process > adjust_mito_fasta (431)        [100%] 431 of 431, cache...
[de/504a0a] process > mitoz_assembly_adjusted (429)  [100%] 429 of 429, cache...
[74/b0eebc] process > mitoz_visualisation (427)      [100%] 428 of 428, cache...
[-        ] process > mafft_new_sequences            -
[48/e956cd] process > extract_cds_mito_fasta (425)   [100%] 425 of 425, cache...
[74/9a153e] process > mitoz_assembly_cds (425)       [100%] 425 of 425, cache...
[e1/e16241] process > mito_ref_prep (11)             [100%] 15 of 15, cached:...
[31/ef0233] process > adjust_mito_ref_fasta (12)     [100%] 15 of 15, cached:...
[a0/e46c70] process > mitoz_ref_assembly_adjusted... [100%] 15 of 15, cached:...
[4e/6c8594] process > extract_cds_ref_mito_fasta ... [100%] 15 of 15, cached:...

[ca/c0bd88] process > getorganelle (647)             [100%] 647 of 647, cache...
[92/c6deb8] process > reverse_complement_mito_fas... [100%] 492 of 492, cache...
[d7/dea15c] process > mitoz_assembly (490)           [100%] 491 of 491, cache...
[af/bc541f] process > adjust_mito_fasta (489)        [100%] 489 of 489, cache...
[a3/ca1272] process > mitoz_assembly_adjusted (489)  [100%] 489 of 489, cache...
[5c/454204] process > mitoz_visualisation (489)      [100%] 489 of 489, cache...
[-        ] process > mafft_new_sequences            -
[40/2a7668] process > extract_cds_mito_fasta (489)   [100%] 489 of 489, cache...
[02/d71ec9] process > mitoz_assembly_cds (488)       [100%] 488 of 488, cache...
[e1/e16241] process > mito_ref_prep (11)             [100%] 15 of 15, cached:...
[31/ef0233] process > adjust_mito_ref_fasta (12)     [100%] 15 of 15, cached:...
[a0/e46c70] process > mitoz_ref_assembly_adjusted... [100%] 15 of 15, cached:...
[4e/6c8594] process > extract_cds_ref_mito_fasta ... [100%] 15 of 15, cached:...

[8e/ae50e4] process > getorganelle (700)             [100%] 700 of 700, cache...
[95/87d2c0] process > reverse_complement_mito_fas... [100%] 532 of 532, cache...
[7b/a3dcf9] process > mitoz_assembly (530)           [100%] 530 of 530, cache...
[15/7d2a3b] process > adjust_mito_fasta (528)        [100%] 528 of 528, cache...
[e3/c2a51f] process > mitoz_assembly_adjusted (526)  [100%] 528 of 528, cache...
[0e/9d895f] process > mitoz_visualisation (526)      [100%] 525 of 525, cache...
[-        ] process > mafft_new_sequences            -
[ad/cdd41e] process > extract_cds_mito_fasta (525)   [100%] 525 of 525, cache...
[5f/079f6f] process > mitoz_assembly_cds (524)       [100%] 523 of 523, cache...
[e1/e16241] process > mito_ref_prep (11)             [100%] 15 of 15, cached:...
[31/ef0233] process > adjust_mito_ref_fasta (12)     [100%] 15 of 15, cached:...
[a0/e46c70] process > mitoz_ref_assembly_adjusted... [100%] 15 of 15, cached:...
[4e/6c8594] process > extract_cds_ref_mito_fasta ... [100%] 15 of 15, cached:...

[17/5a08ec] process > getorganelle (747)             [100%] 747 of 747, cache...
[ed/1b4d8d] process > reverse_complement_mito_fas... [100%] 566 of 566, cache...
[2e/d01ad5] process > mitoz_assembly (566)           [100%] 566 of 566, cache...
[78/eb62e4] process > adjust_mito_fasta (566)        [100%] 566 of 566, cache...
[39/f04804] process > mitoz_assembly_adjusted (566)  [100%] 566 of 566, cache...
[a8/d7ba93] process > mitoz_visualisation (565)      [100%] 566 of 566, cache...
[-        ] process > mafft_new_sequences            [  0%] 0 of 1
[95/13c903] process > extract_cds_mito_fasta (566)   [100%] 566 of 566, cache...
[35/85196e] process > mitoz_assembly_cds (564)       [100%] 566 of 566, cache...
[e1/e16241] process > mito_ref_prep (11)             [100%] 15 of 15, cached:...
[31/ef0233] process > adjust_mito_ref_fasta (12)     [100%] 15 of 15, cached:...
[a0/e46c70] process > mitoz_ref_assembly_adjusted... [100%] 15 of 15, cached:...
[4e/6c8594] process > extract_cds_ref_mito_fasta ... [100%] 15 of 15, cached:...

executor >  local (1)
[17/5a08ec] process > getorganelle (747)             [100%] 747 of 747, cache...
[ed/1b4d8d] process > reverse_complement_mito_fas... [100%] 566 of 566, cache...
[2e/d01ad5] process > mitoz_assembly (566)           [100%] 566 of 566, cache...
[78/eb62e4] process > adjust_mito_fasta (566)        [100%] 566 of 566, cache...
[39/f04804] process > mitoz_assembly_adjusted (566)  [100%] 566 of 566, cache...
[a8/d7ba93] process > mitoz_visualisation (565)      [100%] 566 of 566, cache...
[d5/61f903] process > mafft_new_sequences            [  0%] 0 of 1
[95/13c903] process > extract_cds_mito_fasta (566)   [100%] 566 of 566, cache...
[35/85196e] process > mitoz_assembly_cds (564)       [100%] 566 of 566, cache...
[e1/e16241] process > mito_ref_prep (11)             [100%] 15 of 15, cached:...
[31/ef0233] process > adjust_mito_ref_fasta (12)     [100%] 15 of 15, cached:...
[a0/e46c70] process > mitoz_ref_assembly_adjusted... [100%] 15 of 15, cached:...
[4e/6c8594] process > extract_cds_ref_mito_fasta ... [100%] 15 of 15, cached:...

executor >  local (1)
[17/5a08ec] process > getorganelle (747)             [100%] 747 of 747, cache...
[ed/1b4d8d] process > reverse_complement_mito_fas... [100%] 566 of 566, cache...
[2e/d01ad5] process > mitoz_assembly (566)           [100%] 566 of 566, cache...
[78/eb62e4] process > adjust_mito_fasta (566)        [100%] 566 of 566, cache...
[39/f04804] process > mitoz_assembly_adjusted (566)  [100%] 566 of 566, cache...
[a8/d7ba93] process > mitoz_visualisation (565)      [100%] 566 of 566, cache...
[d5/61f903] process > mafft_new_sequences            [100%] 1 of 1 ✔
[95/13c903] process > extract_cds_mito_fasta (566)   [100%] 566 of 566, cache...
[35/85196e] process > mitoz_assembly_cds (564)       [100%] 566 of 566, cache...
[e1/e16241] process > mito_ref_prep (11)             [100%] 15 of 15, cached:...
[31/ef0233] process > adjust_mito_ref_fasta (12)     [100%] 15 of 15, cached:...
[a0/e46c70] process > mitoz_ref_assembly_adjusted... [100%] 15 of 15, cached:...
[4e/6c8594] process > extract_cds_ref_mito_fasta ... [100%] 15 of 15, cached:...
Completed at: 08-Feb-2024 14:30:09
Duration    : 1m 5s
CPU hours   : 983.5 (100% cached)
Succeeded   : 1
Cached      : 4'769


